[LOG] System::create                           : Header version = 2.02.08. Current version = 2.02.08.
[LOG] Manager::init                            : maxchannels = 256 studioflags = 00000006 flags 00000000 extradriverdata 0000000000000000.
[LOG] SystemI::init                            : Initialize version=20208 (126901), maxchannels=256, flags=0x00020000
[LOG] SystemI::setOutputInternal               : Setting output to 'FMOD WASAPI Output'
[LOG] OutputWASAPI::init                       : Mix Format (WAVEFORMATEX): wFormatTag=0xFFFE, nChannels=2, nSamplesPerSec=48000, nAvgBytesPerSec=384000, nBlockAlign=8, wBitsPerSample=32, cbSize=22.
[LOG] OutputWASAPI::init                       : Mix Format (WAVEFORMATEXTENSIBLE): wValidBitsPerSample=32, dwChannelMask=0x00000003, SubFormat=00000003-0000-0010-8000-00AA00389B71.
[LOG] OutputWASAPI::init                       : Output buffer size: 4096 samples, latency: 0.00ms, period: 10.00ms, DSP buffer: 1024 * 4
[LOG] Thread::initThread                       : Init FMOD stream thread. Affinity: 0x4000000000000003, Priority: 0xFFFF7FFB, Stack Size: 98304, Semaphore: No, Sleep Time: 10, Looping: Yes.
[LOG] Thread::initThread                       : Init FMOD mixer thread. Affinity: 0x4000000000000001, Priority: 0xFFFF7FFA, Stack Size: 81920, Semaphore: No, Sleep Time: 0, Looping: Yes.
[LOG] AsyncManager::init                       : manager 000001C47D7B24F8 isAsync 0 updatePeriod 0.02
[LOG] AsyncManager::init                       : done
[LOG] PlaybackSystem::init                     : 
[LOG] Thread::initThread                       : Init FMOD Studio sample load thread. Affinity: 0x4000000000000003, Priority: 0xFFFF7FFD, Stack Size: 98304, Semaphore: No, Sleep Time: 1, Looping: No.
[LOG] PlaybackSystem::init                     : done
[LOG] Thread::initThread                       : Init FMOD Studio bank load thread. Affinity: 0x4000000000000003, Priority: 0xFFFF7FFD, Stack Size: 98304, Semaphore: No, Sleep Time: 1, Looping: No.
[LOG] Manager::init                            : done.
[LOG] Manager::readBank                        : fileversion = 142, compatVersion = 140 (oldest = 44, newest = 142)
[LOG] Manager::readBank                        : fileversion = 142, compatVersion = 140 (oldest = 44, newest = 142)
[LOG] Manager::readBank                        : fileversion = 142, compatVersion = 140 (oldest = 44, newest = 142)
[LOG] PlaybackSystem::acquireMasterBus         : Setting master channel group format to 6
[LOG] Manager::readBank                        : fileversion = 142, compatVersion = 140 (oldest = 44, newest = 142)
[LOG] SystemI::createSoundInternal             : Create name='', mode=0x02000202
[LOG] SystemI::createSoundInternal             : exinfo->cbsize             = 224
[LOG] SystemI::createSoundInternal             : exinfo->length             = 205504
[LOG] SystemI::createSoundInternal             : exinfo->fileoffset         = 22624
[LOG] SystemI::createSoundInternal             : exinfo->numsubsounds       = 1
[LOG] SystemI::createSoundInternal             : exinfo->inclusionlist      = 00000077E342F048
[LOG] SystemI::createSoundInternal             : exinfo->inclusionlistnum   = 1
[LOG] SystemI::createSoundInternal             : exinfo->suggestedsoundtype = 5
[LOG] SystemI::createSoundInternal             : exinfo->useropen           = 00007FFD008B33A0
[LOG] SystemI::createSoundInternal             : exinfo->userclose          = 00007FFD008B3360
[LOG] SystemI::createSoundInternal             : exinfo->userread           = 00007FFD008B3480
[LOG] SystemI::createSoundInternal             : exinfo->userseek           = 00007FFD008B3540
[LOG] SystemI::createSoundInternal             : exinfo->fileuserdata       = 000001C48EEA8698
[LOG] SystemI::createSoundInternal             : exinfo->initialseekpostype = 1
[LOG] SystemI::DSPCodecPoolRegister            : register codec pool for pool type 5
[LOG] SystemI::createSoundInternal             : Sample 0/1: name='SFX_Creature_Move_1', format=5, channels=2, frequency=48000, lengthbytes=4992, lengthpcm=24201, pcmblocksize=0, loopstart=0, loopend=0, mode=0x00000000, channelmask=0x00000000, channelorder=0, peakvolume=0.525686.
[LOG] SystemI::createSoundInternal             : Create name='', mode=0x02000202
[LOG] SystemI::createSoundInternal             : exinfo->cbsize             = 224
[LOG] SystemI::createSoundInternal             : exinfo->length             = 205504
[LOG] SystemI::createSoundInternal             : exinfo->fileoffset         = 22624
[LOG] SystemI::createSoundInternal             : exinfo->numsubsounds       = 1
[LOG] SystemI::createSoundInternal             : exinfo->inclusionlist      = 00000077E342F048
[LOG] SystemI::createSoundInternal             : exinfo->inclusionlistnum   = 1
[LOG] SystemI::createSoundInternal             : exinfo->suggestedsoundtype = 5
[LOG] SystemI::createSoundInternal             : exinfo->useropen           = 00007FFD008B33A0
[LOG] SystemI::createSoundInternal             : exinfo->userclose          = 00007FFD008B3360
[LOG] SystemI::createSoundInternal             : exinfo->userread           = 00007FFD008B3480
[LOG] SystemI::createSoundInternal             : exinfo->userseek           = 00007FFD008B3540
[LOG] SystemI::createSoundInternal             : exinfo->fileuserdata       = 000001C48EEA8698
[LOG] SystemI::createSoundInternal             : exinfo->initialseekpostype = 1
[LOG] SystemI::DSPCodecPoolRegister            : register codec pool for pool type 5
[LOG] SystemI::createSoundInternal             : Sample 0/1: name='SFX_Creature_Move_2', format=5, channels=2, frequency=48000, lengthbytes=5888, lengthpcm=24201, pcmblocksize=0, loopstart=0, loopend=0, mode=0x00000000, channelmask=0x00000000, channelorder=0, peakvolume=0.472057.
[LOG] SystemI::createSoundInternal             : Create name='', mode=0x02000202
[LOG] SystemI::createSoundInternal             : exinfo->cbsize             = 224
[LOG] SystemI::createSoundInternal             : exinfo->length             = 205504
[LOG] SystemI::createSoundInternal             : exinfo->fileoffset         = 22624
[LOG] SystemI::createSoundInternal             : exinfo->numsubsounds       = 1
[LOG] SystemI::createSoundInternal             : exinfo->inclusionlist      = 00000077E342F048
[LOG] SystemI::createSoundInternal             : exinfo->inclusionlistnum   = 1
[LOG] SystemI::createSoundInternal             : exinfo->suggestedsoundtype = 5
[LOG] SystemI::createSoundInternal             : exinfo->useropen           = 00007FFD008B33A0
[LOG] SystemI::createSoundInternal             : exinfo->userclose          = 00007FFD008B3360
[LOG] SystemI::createSoundInternal             : exinfo->userread           = 00007FFD008B3480
[LOG] SystemI::createSoundInternal             : exinfo->userseek           = 00007FFD008B3540
[LOG] SystemI::createSoundInternal             : exinfo->fileuserdata       = 000001C48EEA8698
[LOG] SystemI::createSoundInternal             : exinfo->initialseekpostype = 1
[LOG] SystemI::DSPCodecPoolRegister            : register codec pool for pool type 5
[LOG] SystemI::createSoundInternal             : Sample 0/1: name='SFX_Creature_Move_4', format=5, channels=2, frequency=48000, lengthbytes=4576, lengthpcm=24201, pcmblocksize=0, loopstart=0, loopend=0, mode=0x00000000, channelmask=0x00000000, channelorder=0, peakvolume=0.398505.
[LOG] SystemI::createSoundInternal             : Create name='', mode=0x02000202
[LOG] SystemI::createSoundInternal             : exinfo->cbsize             = 224
[LOG] SystemI::createSoundInternal             : exinfo->length             = 205504
[LOG] SystemI::createSoundInternal             : exinfo->fileoffset         = 22624
[LOG] SystemI::createSoundInternal             : exinfo->numsubsounds       = 1
[LOG] SystemI::createSoundInternal             : exinfo->inclusionlist      = 00000077E342F048
[LOG] SystemI::createSoundInternal             : exinfo->inclusionlistnum   = 1
[LOG] SystemI::createSoundInternal             : exinfo->suggestedsoundtype = 5
[LOG] SystemI::createSoundInternal             : exinfo->useropen           = 00007FFD008B33A0
[LOG] SystemI::createSoundInternal             : exinfo->userclose          = 00007FFD008B3360
[LOG] SystemI::createSoundInternal             : exinfo->userread           = 00007FFD008B3480
[LOG] SystemI::createSoundInternal             : exinfo->userseek           = 00007FFD008B3540
[LOG] SystemI::createSoundInternal             : exinfo->fileuserdata       = 000001C48EEA8698
[LOG] SystemI::createSoundInternal             : exinfo->initialseekpostype = 1
[LOG] SystemI::DSPCodecPoolRegister            : register codec pool for pool type 5
[LOG] SystemI::createSoundInternal             : Sample 0/1: name='SFX_Creature_Move_3', format=5, channels=2, frequency=48000, lengthbytes=4800, lengthpcm=24201, pcmblocksize=0, loopstart=0, loopend=0, mode=0x00000000, channelmask=0x00000000, channelorder=0, peakvolume=0.318321.
[LOG] SystemI::createSoundInternal             : Create name='', mode=0x02000202
[LOG] SystemI::createSoundInternal             : exinfo->cbsize             = 224
[LOG] SystemI::createSoundInternal             : exinfo->length             = 205504
[LOG] SystemI::createSoundInternal             : exinfo->fileoffset         = 22624
[LOG] SystemI::createSoundInternal             : exinfo->numsubsounds       = 1
[LOG] SystemI::createSoundInternal             : exinfo->inclusionlist      = 00000077E342F048
[LOG] SystemI::createSoundInternal             : exinfo->inclusionlistnum   = 1
[LOG] SystemI::createSoundInternal             : exinfo->suggestedsoundtype = 5
[LOG] SystemI::createSoundInternal             : exinfo->useropen           = 00007FFD008B33A0
[LOG] SystemI::createSoundInternal             : exinfo->userclose          = 00007FFD008B3360
[LOG] SystemI::createSoundInternal             : exinfo->userread           = 00007FFD008B3480
[LOG] SystemI::createSoundInternal             : exinfo->userseek           = 00007FFD008B3540
[LOG] SystemI::createSoundInternal             : exinfo->fileuserdata       = 000001C48EEA8698
[LOG] SystemI::createSoundInternal             : exinfo->initialseekpostype = 1
[LOG] SystemI::DSPCodecPoolRegister            : register codec pool for pool type 5
[LOG] SystemI::createSoundInternal             : Sample 0/1: name='SFX_Creature_Move_5', format=5, channels=2, frequency=48000, lengthbytes=4768, lengthpcm=24201, pcmblocksize=0, loopstart=0, loopend=0, mode=0x00000000, channelmask=0x00000000, channelorder=0, peakvolume=0.328147.
[LOG] SystemI::createSoundInternal             : Create name='', mode=0x02000202
[LOG] SystemI::createSoundInternal             : exinfo->cbsize             = 224
[LOG] SystemI::createSoundInternal             : exinfo->length             = 205504
[LOG] SystemI::createSoundInternal             : exinfo->fileoffset         = 22624
[LOG] SystemI::createSoundInternal             : exinfo->numsubsounds       = 1
[LOG] SystemI::createSoundInternal             : exinfo->inclusionlist      = 00000077E342F048
[LOG] SystemI::createSoundInternal             : exinfo->inclusionlistnum   = 1
[LOG] SystemI::createSoundInternal             : exinfo->suggestedsoundtype = 5
[LOG] SystemI::createSoundInternal             : exinfo->useropen           = 00007FFD008B33A0
[LOG] SystemI::createSoundInternal             : exinfo->userclose          = 00007FFD008B3360
[LOG] SystemI::createSoundInternal             : exinfo->userread           = 00007FFD008B3480
[LOG] SystemI::createSoundInternal             : exinfo->userseek           = 00007FFD008B3540
[LOG] SystemI::createSoundInternal             : exinfo->fileuserdata       = 000001C48EEA8698
[LOG] SystemI::createSoundInternal             : exinfo->initialseekpostype = 1
[LOG] SystemI::DSPCodecPoolRegister            : register codec pool for pool type 5
[LOG] SystemI::createSoundInternal             : Sample 0/1: name='SFX_Creature_Move_6', format=5, channels=2, frequency=48000, lengthbytes=4384, lengthpcm=24201, pcmblocksize=0, loopstart=0, loopend=0, mode=0x00000000, channelmask=0x00000000, channelorder=0, peakvolume=0.369987.
[LOG] SystemI::createSoundInternal             : Create name='', mode=0x02000202
[LOG] SystemI::createSoundInternal             : exinfo->cbsize             = 224
[LOG] SystemI::createSoundInternal             : exinfo->length             = 205504
[LOG] SystemI::createSoundInternal             : exinfo->fileoffset         = 22624
[LOG] SystemI::createSoundInternal             : exinfo->numsubsounds       = 1
[LOG] SystemI::createSoundInternal             : exinfo->inclusionlist      = 00000077E342F048
[LOG] SystemI::createSoundInternal             : exinfo->inclusionlistnum   = 1
[LOG] SystemI::createSoundInternal             : exinfo->suggestedsoundtype = 5
[LOG] SystemI::createSoundInternal             : exinfo->useropen           = 00007FFD008B33A0
[LOG] SystemI::createSoundInternal             : exinfo->userclose          = 00007FFD008B3360
[LOG] SystemI::createSoundInternal             : exinfo->userread           = 00007FFD008B3480
[LOG] SystemI::createSoundInternal             : exinfo->userseek           = 00007FFD008B3540
[LOG] SystemI::createSoundInternal             : exinfo->fileuserdata       = 000001C48EEA9718
[LOG] SystemI::createSoundInternal             : exinfo->initialseekpostype = 1
[LOG] SystemI::DSPCodecPoolRegister            : register codec pool for pool type 5
[LOG] SystemI::createSoundInternal             : Sample 0/1: name='SFX_Player_Pre', format=5, channels=2, frequency=48000, lengthbytes=14496, lengthpcm=48000, pcmblocksize=0, loopstart=0, loopend=0, mode=0x00000000, channelmask=0x00000000, channelorder=0, peakvolume=0.632856.
[LOG] SystemI::createSoundInternal             : Create name='', mode=0x02000202
[LOG] SystemI::createSoundInternal             : exinfo->cbsize             = 224
[LOG] SystemI::createSoundInternal             : exinfo->length             = 205504
[LOG] SystemI::createSoundInternal             : exinfo->fileoffset         = 22624
[LOG] SystemI::createSoundInternal             : exinfo->numsubsounds       = 1
[LOG] SystemI::createSoundInternal             : exinfo->inclusionlist      = 00000077E342F048
[LOG] SystemI::createSoundInternal             : exinfo->inclusionlistnum   = 1
[LOG] SystemI::createSoundInternal             : exinfo->suggestedsoundtype = 5
[LOG] SystemI::createSoundInternal             : exinfo->useropen           = 00007FFD008B33A0
[LOG] SystemI::createSoundInternal             : exinfo->userclose          = 00007FFD008B3360
[LOG] SystemI::createSoundInternal             : exinfo->userread           = 00007FFD008B3480
[LOG] SystemI::createSoundInternal             : exinfo->userseek           = 00007FFD008B3540
[LOG] SystemI::createSoundInternal             : exinfo->fileuserdata       = 000001C48EEA8698
[LOG] SystemI::createSoundInternal             : exinfo->initialseekpostype = 1
[LOG] SystemI::DSPCodecPoolRegister            : register codec pool for pool type 5
[LOG] SystemI::createSoundInternal             : Sample 0/1: name='SFX_Player_Sting_Rush', format=5, channels=2, frequency=48000, lengthbytes=7744, lengthpcm=33428, pcmblocksize=0, loopstart=0, loopend=9214, mode=0x00000000, channelmask=0x00000000, channelorder=0, peakvolume=0.281848.
[LOG] SystemI::createSoundInternal             : Create name='', mode=0x02000202
[LOG] SystemI::createSoundInternal             : exinfo->cbsize             = 224
[LOG] SystemI::createSoundInternal             : exinfo->length             = 205504
[LOG] SystemI::createSoundInternal             : exinfo->fileoffset         = 22624
[LOG] SystemI::createSoundInternal             : exinfo->numsubsounds       = 1
[LOG] SystemI::createSoundInternal             : exinfo->inclusionlist      = 00000077E342F048
[LOG] SystemI::createSoundInternal             : exinfo->inclusionlistnum   = 1
[LOG] SystemI::createSoundInternal             : exinfo->suggestedsoundtype = 5
[LOG] SystemI::createSoundInternal             : exinfo->useropen           = 00007FFD008B33A0
[LOG] SystemI::createSoundInternal             : exinfo->userclose          = 00007FFD008B3360
[LOG] SystemI::createSoundInternal             : exinfo->userread           = 00007FFD008B3480
[LOG] SystemI::createSoundInternal             : exinfo->userseek           = 00007FFD008B3540
[LOG] SystemI::createSoundInternal             : exinfo->fileuserdata       = 000001C48EEA8698
[LOG] SystemI::createSoundInternal             : exinfo->initialseekpostype = 1
[LOG] SystemI::DSPCodecPoolRegister            : register codec pool for pool type 5
[LOG] SystemI::createSoundInternal             : Sample 0/1: name='SFX_Creature_Hit_2', format=5, channels=2, frequency=48000, lengthbytes=5248, lengthpcm=19928, pcmblocksize=0, loopstart=0, loopend=0, mode=0x00000000, channelmask=0x00000000, channelorder=0, peakvolume=0.333708.
[LOG] SystemI::createSoundInternal             : Create name='', mode=0x02000202
[LOG] SystemI::createSoundInternal             : exinfo->cbsize             = 224
[LOG] SystemI::createSoundInternal             : exinfo->length             = 205504
[LOG] SystemI::createSoundInternal             : exinfo->fileoffset         = 22624
[LOG] SystemI::createSoundInternal             : exinfo->numsubsounds       = 1
[LOG] SystemI::createSoundInternal             : exinfo->inclusionlist      = 00000077E342F048
[LOG] SystemI::createSoundInternal             : exinfo->inclusionlistnum   = 1
[LOG] SystemI::createSoundInternal             : exinfo->suggestedsoundtype = 5
[LOG] SystemI::createSoundInternal             : exinfo->useropen           = 00007FFD008B33A0
[LOG] SystemI::createSoundInternal             : exinfo->userclose          = 00007FFD008B3360
[LOG] SystemI::createSoundInternal             : exinfo->userread           = 00007FFD008B3480
[LOG] SystemI::createSoundInternal             : exinfo->userseek           = 00007FFD008B3540
[LOG] SystemI::createSoundInternal             : exinfo->fileuserdata       = 000001C48EEA8698
[LOG] SystemI::createSoundInternal             : exinfo->initialseekpostype = 1
[LOG] SystemI::DSPCodecPoolRegister            : register codec pool for pool type 5
[LOG] SystemI::createSoundInternal             : Sample 0/1: name='SFX_Creature_Hit_3', format=5, channels=2, frequency=48000, lengthbytes=4992, lengthpcm=19928, pcmblocksize=0, loopstart=0, loopend=0, mode=0x00000000, channelmask=0x00000000, channelorder=0, peakvolume=0.319491.
[LOG] SystemI::createSoundInternal             : Create name='', mode=0x02000202
[LOG] SystemI::createSoundInternal             : exinfo->cbsize             = 224
[LOG] SystemI::createSoundInternal             : exinfo->length             = 205504
[LOG] SystemI::createSoundInternal             : exinfo->fileoffset         = 22624
[LOG] SystemI::createSoundInternal             : exinfo->numsubsounds       = 1
[LOG] SystemI::createSoundInternal             : exinfo->inclusionlist      = 00000077E342F048
[LOG] SystemI::createSoundInternal             : exinfo->inclusionlistnum   = 1
[LOG] SystemI::createSoundInternal             : exinfo->suggestedsoundtype = 5
[LOG] SystemI::createSoundInternal             : exinfo->useropen           = 00007FFD008B33A0
[LOG] SystemI::createSoundInternal             : exinfo->userclose          = 00007FFD008B3360
[LOG] SystemI::createSoundInternal             : exinfo->userread           = 00007FFD008B3480
[LOG] SystemI::createSoundInternal             : exinfo->userseek           = 00007FFD008B3540
[LOG] SystemI::createSoundInternal             : exinfo->fileuserdata       = 000001C48EEA8698
[LOG] SystemI::createSoundInternal             : exinfo->initialseekpostype = 1
[LOG] SystemI::DSPCodecPoolRegister            : register codec pool for pool type 5
[LOG] SystemI::createSoundInternal             : Sample 0/1: name='SFX_Creature_Hit_1', format=5, channels=2, frequency=48000, lengthbytes=2720, lengthpcm=19285, pcmblocksize=0, loopstart=0, loopend=0, mode=0x00000000, channelmask=0x00000000, channelorder=0, peakvolume=0.365128.
[LOG] SystemI::createSoundInternal             : Create name='', mode=0x02000202
[LOG] SystemI::createSoundInternal             : exinfo->cbsize             = 224
[LOG] SystemI::createSoundInternal             : exinfo->length             = 205504
[LOG] SystemI::createSoundInternal             : exinfo->fileoffset         = 22624
[LOG] SystemI::createSoundInternal             : exinfo->numsubsounds       = 1
[LOG] SystemI::createSoundInternal             : exinfo->inclusionlist      = 00000077E342F048
[LOG] SystemI::createSoundInternal             : exinfo->inclusionlistnum   = 1
[LOG] SystemI::createSoundInternal             : exinfo->suggestedsoundtype = 5
[LOG] SystemI::createSoundInternal             : exinfo->useropen           = 00007FFD008B33A0
[LOG] SystemI::createSoundInternal             : exinfo->userclose          = 00007FFD008B3360
[LOG] SystemI::createSoundInternal             : exinfo->userread           = 00007FFD008B3480
[LOG] SystemI::createSoundInternal             : exinfo->userseek           = 00007FFD008B3540
[LOG] SystemI::createSoundInternal             : exinfo->fileuserdata       = 000001C48EEA8698
[LOG] SystemI::createSoundInternal             : exinfo->initialseekpostype = 1
[LOG] SystemI::DSPCodecPoolRegister            : register codec pool for pool type 5
[LOG] SystemI::createSoundInternal             : Sample 0/1: name='SFX_Player_Swing_Attack', format=5, channels=2, frequency=48000, lengthbytes=10080, lengthpcm=62785, pcmblocksize=0, loopstart=0, loopend=62571, mode=0x00000000, channelmask=0x00000000, channelorder=0, peakvolume=0.329321.
[LOG] SystemI::createSoundInternal             : Create name='', mode=0x02000202
[LOG] SystemI::createSoundInternal             : exinfo->cbsize             = 224
[LOG] SystemI::createSoundInternal             : exinfo->length             = 205504
[LOG] SystemI::createSoundInternal             : exinfo->fileoffset         = 22624
[LOG] SystemI::createSoundInternal             : exinfo->numsubsounds       = 1
[LOG] SystemI::createSoundInternal             : exinfo->inclusionlist      = 00000077E342F048
[LOG] SystemI::createSoundInternal             : exinfo->inclusionlistnum   = 1
[LOG] SystemI::createSoundInternal             : exinfo->suggestedsoundtype = 5
[LOG] SystemI::createSoundInternal             : exinfo->useropen           = 00007FFD008B33A0
[LOG] SystemI::createSoundInternal             : exinfo->userclose          = 00007FFD008B3360
[LOG] SystemI::createSoundInternal             : exinfo->userread           = 00007FFD008B3480
[LOG] SystemI::createSoundInternal             : exinfo->userseek           = 00007FFD008B3540
[LOG] SystemI::createSoundInternal             : exinfo->fileuserdata       = 000001C48EEA9718
[LOG] SystemI::createSoundInternal             : exinfo->initialseekpostype = 1
[LOG] SystemI::DSPCodecPoolRegister            : register codec pool for pool type 5
[LOG] SystemI::createSoundInternal             : Sample 0/1: name='SFX_Creature_Dead', format=5, channels=2, frequency=48000, lengthbytes=16736, lengthpcm=57000, pcmblocksize=0, loopstart=0, loopend=0, mode=0x00000000, channelmask=0x00000000, channelorder=0, peakvolume=0.589146.
[LOG] SystemI::createSound                     : filename = Assets/Resources/Sound/Team7_FMOD/Build/Desktop/BGM.bank : mode 02010082
[LOG] SystemI::createSound                     : FMOD_NONBLOCKING specified.  Putting into queue to be opened asynchronously!
[LOG] Thread::initThread                       : Init FMOD nonblocking thread (0). Affinity: 0x4000000000000003, Priority: 0xFFFF7FFC, Stack Size: 114688, Semaphore: Yes, Sleep Time: 0, Looping: Yes.
[LOG] SystemI::createSound                     : setdata soundi = 000001C4879C0A78 : node = 000001C35D4380C0
[LOG] SystemI::createSound                     : add node to async list : head = 000001C4794FCEA8.  list count = 0
[LOG] AsyncThread::threadFunc                  : Starting Asynchronous operation on sound 000001C4879C0A78
[LOG] SystemI::createSoundInternal             :     Create name='Assets/Resources/Sound/Team7_FMOD/Build/Desktop/BGM.bank', mode=0x02010082
[LOG] SystemI::createSoundInternal             :     exinfo->cbsize             = 224
[LOG] SystemI::createSoundInternal             :     exinfo->length             = 2426720
[LOG] SystemI::createSoundInternal             :     exinfo->fileoffset         = 13248
[LOG] SystemI::createSoundInternal             :     exinfo->numsubsounds       = 1
[LOG] SystemI::createSoundInternal             :     exinfo->inclusionlist      = 000001C35D4381D0
[LOG] SystemI::createSoundInternal             :     exinfo->inclusionlistnum   = 1
[LOG] SystemI::createSoundInternal             :     exinfo->suggestedsoundtype = 5
[LOG] SystemI::createSoundInternal             :     exinfo->initialseekpostype = 1
[LOG] SystemI::createSoundInternal             :     Stream 0/1: name='Battle_B', format=5, channels=2, frequency=48000, lengthbytes=214656, lengthpcm=768000, pcmblocksize=0, loopstart=0, loopend=0, mode=0x00000000, channelmask=0x00000000, channelorder=0, peakvolume=0.726566.
[LOG] Thread::initThread                       :     Init FMOD file thread. Affinity: 0x4000000000000003, Priority: 0xFFFF7FFC, Stack Size: 65536, Semaphore: No, Sleep Time: 10, Looping: Yes.
[LOG] AsyncThread::threadFunc                  : Finished Asynchronous operation on sound 000001C4879C0A78
[LOG] AsyncThread::threadFunc                  : Starting Asynchronous operation on sound 000001C476062188
[LOG] AsyncThread::threadFunc                  : Finished Asynchronous operation on sound 000001C476062188
[LOG] SoundI::release                          :  (000001C3DE148EF8)
[LOG] SoundI::release                          :     SFX_Player_Pre (000001C359FF7A28)
[LOG] SoundI::release                          :  (000001C3DE148D88)
[LOG] SoundI::release                          :     SFX_Player_Sting_Rush (000001C47D73F858)
[LOG] SoundI::release                          :  (000001C3DE149348)
[LOG] SoundI::release                          :     SFX_Creature_Hit_3 (000001C47D73FED8)
[LOG] SoundI::release                          :  (000001C3DE5CE228)
[LOG] SoundI::release                          :     SFX_Creature_Hit_1 (000001C47D740078)
[LOG] SoundI::release                          :  (000001C3DE149068)
[LOG] SoundI::release                          :     SFX_Creature_Hit_2 (000001C47D73F9F8)
[LOG] SoundI::release                          :  (000001C3DE5CE0B8)
[LOG] SoundI::release                          :     SFX_Creature_Dead (000001C35D817E38)
[LOG] SoundI::release                          :  (000001C3DE5CEAC8)
[LOG] SoundI::release                          :     SFX_Player_Swing_Attack (000001C35D817FD8)
[LOG] SoundI::release                          :  (000001C3DCCC84C8)
[LOG] SoundI::release                          :     Battle_A (000001C3DEABB878)
[LOG] SoundI::release                          : Battle_B (000001C4879C0A78)
[LOG] SoundI::release                          :     Battle_B (000001C35E0E9808)
[LOG] SoundI::release                          :     Battle_B (000001C476062188)
[LOG] SoundI::release                          :  (000001C3DCCC8638)
[LOG] SoundI::release                          :     Transition (000001C3DEABC238)
[LOG] SoundI::release                          :  (000001C3DE148658)
[LOG] SoundI::release                          :     SFX_Creature_Move_1 (000001C3DEABB6D8)
[LOG] SoundI::release                          :  (000001C3DE1487C8)
[LOG] SoundI::release                          :     SFX_Creature_Move_2 (000001C3DEABBBB8)
[LOG] SoundI::release                          :  (000001C3DE148938)
[LOG] SoundI::release                          :     SFX_Creature_Move_3 (000001C359FF7888)
[LOG] SoundI::release                          :  (000001C3DE148AA8)
[LOG] SoundI::release                          :     SFX_Creature_Move_4 (000001C359FF7D68)
[LOG] SoundI::release                          :  (000001C3DE1491D8)
[LOG] SoundI::release                          :     SFX_Creature_Move_5 (000001C359FF73A8)
[LOG] SoundI::release                          :  (000001C3DE148C18)
[LOG] SoundI::release                          :     SFX_Creature_Move_6 (000001C359FF7208)
[LOG] Thread::callback                         : FMOD Studio update thread finished.
[LOG] Thread::callback                         : FMOD Studio bank load thread finished.
[LOG] Profile::disconnectAll                   : Profiler disconnecting all clients
[LOG] Thread::callback                         : FMOD Studio sample load thread finished.
[LOG] LiveUpdate::release                      : 
[LOG] LiveUpdate::reset                        : Reset connection (reason Disconnected)
[LOG] Thread::callback                         : FMOD stream thread finished.
[LOG] Thread::callback                         : FMOD mixer thread finished.
[LOG] Profile::disconnectAll                   : Profiler disconnecting all clients
[LOG] SystemI::close                           : Closed.
[LOG] Thread::callback                         : FMOD Studio bank load thread finished.
[LOG] Thread::callback                         : FMOD Studio sample load thread finished.
[LOG] LiveUpdate::release                      : 
[LOG] LiveUpdate::reset                        : Reset connection (reason Disconnected)
[LOG] Thread::callback                         : FMOD stream thread finished.
[LOG] Thread::callback                         : FMOD mixer thread finished.
[LOG] SystemI::close                           : Closed.
[LOG] Thread::callback                         : FMOD nonblocking thread (0) finished.
[LOG] Thread::callback                         : FMOD file thread finished.
